John Price
Brandon Stewart
Stephanie Rivera
Mary Haynes
Melissa Clark
Fred Lopez
Shannon Bender
Heather Johnson
Elizabeth Russell
Melissa Frazier
Mr. Omar Gonzalez
Jason Gordon
Kimberly Miller
Amanda Serrano
Donald Elliott
Mark Wagner
Ivan Williams
Lonnie Hines
Jessica Wells
Glen Gibson
Michael Vaughn
Caitlin Hull
Christine Sherman
Michelle Taylor
Brian Baldwin
John Peterson
Justin Donaldson
Dawn Anthony
Joseph Gonzalez
Thomas Garcia
Dean Evans
Kyle Johnson
Morgan Shaffer
Melinda Johnson
Ana Conway
Kathleen Wolfe
Joseph Rodriguez
Jillian Patrick
Leonard Adams
Ronald Sanders
